<?xml version="1.0" encoding="UTF-8"?>
<testsuite name="tests.LoginTests" tests="1" skipped="0" failures="0" errors="0" timestamp="2022-07-19T13:11:12" hostname="WIN-6CQ3264SSN2" time="2.434">
  <properties/>
  <testcase name="loginSuccessModel" classname="tests.LoginTests" time="2.434"/>
  <system-out><![CDATA[16:11:06.929 INFO   manager.MyListener - 'Start finde' element ---> By.xpath: //a[text()=' Logout ']
16:11:12.008 INFO   manager.MyListener - the element with locator ---> By.xpath: //a[text()=' Logout '] ,--- was found
16:11:12.012 INFO   tests.TestBase - the test starts with data [noa@gmail.com] & [Nnoa12345$]
16:11:12.014 INFO   manager.MyListener - 'Start finde' element ---> By.xpath: //a[text()=' Log in ']
16:11:12.048 INFO   manager.MyListener - the element with locator ---> By.xpath: //a[text()=' Log in '] ,--- was found
16:11:12.220 INFO   manager.MyListener - 'Start finde' element ---> By.xpath: //*[@id='email']
16:11:12.251 INFO   manager.MyListener - the element with locator ---> By.xpath: //*[@id='email'] ,--- was found
16:11:12.511 INFO   manager.MyListener - 'Start finde' element ---> By.xpath: //*[@id='password']
16:11:12.544 INFO   manager.MyListener - the element with locator ---> By.xpath: //*[@id='password'] ,--- was found
16:11:12.780 INFO   manager.MyListener - 'Start finde' element ---> By.cssSelector: [type='submit']
16:11:12.820 INFO   manager.MyListener - the element with locator ---> By.cssSelector: [type='submit'] ,--- was found
16:11:12.974 INFO   manager.MyListener - 'Start finde' element ---> By.cssSelector: [type='submit']
16:11:12.989 INFO   manager.MyListener - the element with locator ---> By.cssSelector: [type='submit'] ,--- was found
16:11:13.057 INFO   manager.MyListener - 'Start finde' element ---> By.xpath: //a[text()=' Logout ']
16:11:14.305 INFO   manager.MyListener - the element with locator ---> By.xpath: //a[text()=' Logout '] ,--- was found
16:11:14.310 INFO   manager.MyListener - 'Start finde' element ---> By.xpath: //a[text()=' Logout ']
16:11:14.350 INFO   manager.MyListener - the element with locator ---> By.xpath: //a[text()=' Logout '] ,--- was found
16:11:14.393 INFO   manager.MyListener - 'Start finde' element ---> By.xpath: //a[text()=' Logout ']
16:11:14.422 INFO   manager.MyListener - the element with locator ---> By.xpath: //a[text()=' Logout '] ,--- was found
16:11:14.450 INFO   manager.MyListener - 'Start finde' element ---> By.xpath: //button[text()='Ok']
16:11:14.491 INFO   manager.MyListener - the element with locator ---> By.xpath: //button[text()='Ok'] ,--- was found
16:11:14.491 INFO   manager.MyListener - 'Start finde' element ---> By.xpath: //button[text()='Ok']
16:11:14.535 INFO   manager.MyListener - the element with locator ---> By.xpath: //button[text()='Ok'] ,--- was found
]]></system-out>
  <system-err><![CDATA[]]></system-err>
</testsuite>
