<?xml version="1.0" encoding="UTF-8"?>
<testsuite name="tests.LoginTests" tests="1" skipped="0" failures="0" errors="0" timestamp="2022-06-22T11:30:18" hostname="WIN-6CQ3264SSN2" time="2.049">
  <properties/>
  <testcase name="loginSuccess" classname="tests.LoginTests" time="2.049"/>
  <system-out><![CDATA[]]></system-out>
  <system-err><![CDATA[]]></system-err>
</testsuite>
