<?xml version="1.0" encoding="UTF-8"?>
<testsuite name="tests.RegTests" tests="2" skipped="0" failures="0" errors="0" timestamp="2022-07-13T15:30:32" hostname="WIN-6CQ3264SSN2" time="23.583">
  <properties/>
  <testcase name="regWrongPassModel" classname="tests.RegTests" time="1.549"/>
  <testcase name="registrationSuccessModel" classname="tests.RegTests" time="1.913"/>
  <system-out><![CDATA[]]></system-out>
  <system-err><![CDATA[]]></system-err>
</testsuite>
