<?xml version="1.0" encoding="UTF-8"?>
<testsuite name="tests.LoginTests" tests="1" skipped="0" failures="0" errors="0" timestamp="2022-07-17T08:05:43" hostname="WIN-6CQ3264SSN2" time="2.428">
  <properties/>
  <testcase name="loginSuccessModel" classname="tests.LoginTests" time="2.428"/>
  <system-out><![CDATA[11:05:43.005 INFO   tests.TestBase - the test starts with data [noa@gmail.com] & [Nnoa12345$]
]]></system-out>
  <system-err><![CDATA[]]></system-err>
</testsuite>
