<?xml version="1.0" encoding="UTF-8"?>
<testsuite name="tests.AddNewCarTests" tests="1" skipped="0" failures="0" errors="0" timestamp="2022-07-07T09:19:45" hostname="WIN-6CQ3264SSN2" time="3.892">
  <properties/>
  <testcase name="addNewCarsSuccess" classname="tests.AddNewCarTests" time="3.892"/>
  <system-out><![CDATA[]]></system-out>
  <system-err><![CDATA[]]></system-err>
</testsuite>
