<?xml version="1.0" encoding="UTF-8"?>
<testsuite name="tests.RegTests" tests="1" skipped="0" failures="0" errors="0" timestamp="2022-06-28T13:22:16" hostname="WIN-6CQ3264SSN2" time="2.919">
  <properties/>
  <testcase name="regWrongPassModel" classname="tests.RegTests" time="2.919"/>
  <system-out><![CDATA[]]></system-out>
  <system-err><![CDATA[]]></system-err>
</testsuite>
