<?xml version="1.0" encoding="UTF-8"?>
<testsuite name="tests.RegTests" tests="1" skipped="0" failures="0" errors="0" timestamp="2022-06-22T11:30:20" hostname="WIN-6CQ3264SSN2" time="2.815">
  <properties/>
  <testcase name="registrationSuccess" classname="tests.RegTests" time="2.815"/>
  <system-out><![CDATA[]]></system-out>
  <system-err><![CDATA[]]></system-err>
</testsuite>
